<?xml version="1.0" encoding="UTF-8"?>
<!-- Generated by org.testng.reporters.JUnitReportReporter -->
<testsuite hostname="ASDLAPKCH0407" failures="0" tests="1" name="com.testrunner.TestRunnerUI" time="5.924" errors="0" timestamp="2023-07-25T13:02:39 IST" skipped="0">
  <testcase classname="com.testrunner.TestRunnerUI" name="runScenario" time="5.924"/>
  <system-out/>
</testsuite> <!-- com.testrunner.TestRunnerUI -->
